[32m[Nest] 98048  - [39m10/23/2025, 10:20:31 AM [32m    LOG[39m [38;5;3m[NestFactory] [39m[32mStarting Nest application...[39m
[32m[Nest] 98048  - [39m10/23/2025, 10:20:31 AM [32m    LOG[39m [38;5;3m[InstanceLoader] [39m[32mQueueWorkerModule dependencies initialized[39m
[32m[Nest] 98048  - [39m10/23/2025, 10:20:31 AM [32m    LOG[39m [38;5;3m[InstanceLoader] [39m[32mCoreEngineModule dependencies initialized[39m
[32m[Nest] 98048  - [39m10/23/2025, 10:20:31 AM [32m    LOG[39m [38;5;3m[InstanceLoader] [39m[32mTwentyConfigModule dependencies initialized[39m
[32m[Nest] 98048  - [39m10/23/2025, 10:20:31 AM [32m    LOG[39m [38;5;3m[InstanceLoader] [39m[32mTypeORMModule dependencies initialized[39m
[32m[Nest] 98048  - [39m10/23/2025, 10:20:31 AM [32m    LOG[39m [38;5;3m[InstanceLoader] [39m[32mTypeOrmModule dependencies initialized[39m
[32m[Nest] 98048  - [39m10/23/2025, 10:20:31 AM [32m    LOG[39m [38;5;3m[InstanceLoader] [39m[32mNestjsQueryGraphQLModule dependencies initialized[39m
[32m[Nest] 98048  - [39m10/23/2025, 10:20:31 AM [32m    LOG[39m [38;5;3m[InstanceLoader] [39m[32mNestjsQueryCoreModule dependencies initialized[39m
[32m[Nest] 98048  - [39m10/23/2025, 10:20:31 AM [32m    LOG[39m [38;5;3m[InstanceLoader] [39m[32mNestjsQueryCoreModule dependencies initialized[39m
[32m[Nest] 98048  - [39m10/23/2025, 10:20:31 AM [32m    LOG[39m [38;5;3m[InstanceLoader] [39m[32mNestjsQueryCoreModule dependencies initialized[39m
[32m[Nest] 98048  - [39m10/23/2025, 10:20:31 AM [32m    LOG[39m [38;5;3m[InstanceLoader] [39m[32mStripeSDKModule dependencies initialized[39m
[32m[Nest] 98048  - [39m10/23/2025, 10:20:31 AM [32m    LOG[39m [38;5;3m[InstanceLoader] [39m[32mMessageQueueModule dependencies initialized[39m
[32m[Nest] 98048  - [39m10/23/2025, 10:20:31 AM [32m    LOG[39m [38;5;3m[InstanceLoader] [39m[32mRecordTransformerModule dependencies initialized[39m
[32m[Nest] 98048  - [39m10/23/2025, 10:20:31 AM [32m    LOG[39m [38;5;3m[InstanceLoader] [39m[32mNestjsQueryCoreModule dependencies initialized[39m
[32m[Nest] 98048  - [39m10/23/2025, 10:20:31 AM [32m    LOG[39m [38;5;3m[InstanceLoader] [39m[32mNestjsQueryCoreModule dependencies initialized[39m
[32m[Nest] 98048  - [39m10/23/2025, 10:20:31 AM [32m    LOG[39m [38;5;3m[InstanceLoader] [39m[32mI18nModule dependencies initialized[39m
[32m[Nest] 98048  - [39m10/23/2025, 10:20:31 AM [32m    LOG[39m [38;5;3m[InstanceLoader] [39m[32mMessagingModule dependencies initialized[39m
[32m[Nest] 98048  - [39m10/23/2025, 10:20:31 AM [32m    LOG[39m [38;5;3m[InstanceLoader] [39m[32mNestjsQueryGraphQLModule dependencies initialized[39m
[32m[Nest] 98048  - [39m10/23/2025, 10:20:31 AM [32m    LOG[39m [38;5;3m[InstanceLoader] [39m[32mNestjsQueryCoreModule dependencies initialized[39m
[32m[Nest] 98048  - [39m10/23/2025, 10:20:31 AM [32m    LOG[39m [38;5;3m[InstanceLoader] [39m[32mObjectMetadataRepositoryModule dependencies initialized[39m
[32m[Nest] 98048  - [39m10/23/2025, 10:20:31 AM [32m    LOG[39m [38;5;3m[InstanceLoader] [39m[32mMessagingSmtpDriverModule dependencies initialized[39m
[32m[Nest] 98048  - [39m10/23/2025, 10:20:31 AM [32m    LOG[39m [38;5;3m[InstanceLoader] [39m[32mNestjsQueryCoreModule dependencies initialized[39m
[32m[Nest] 98048  - [39m10/23/2025, 10:20:31 AM [32m    LOG[39m [38;5;3m[InstanceLoader] [39m[32mNestjsQueryCoreModule dependencies initialized[39m
[32m[Nest] 98048  - [39m10/23/2025, 10:20:31 AM [32m    LOG[39m [38;5;3m[InstanceLoader] [39m[32mFormActionModule dependencies initialized[39m
[32m[Nest] 98048  - [39m10/23/2025, 10:20:31 AM [32m    LOG[39m [38;5;3m[InstanceLoader] [39m[32mFilterActionModule dependencies initialized[39m
[32m[Nest] 98048  - [39m10/23/2025, 10:20:31 AM [32m    LOG[39m [38;5;3m[InstanceLoader] [39m[32mEmptyActionModule dependencies initialized[39m
[32m[Nest] 98048  - [39m10/23/2025, 10:20:31 AM [32m    LOG[39m [38;5;3m[InstanceLoader] [39m[32mEmailModule dependencies initialized[39m
[32m[Nest] 98048  - [39m10/23/2025, 10:20:31 AM [32m    LOG[39m [38;5;3m[InstanceLoader] [39m[32mAppTokenModule dependencies initialized[39m
[32m[Nest] 98048  - [39m10/23/2025, 10:20:31 AM [32m    LOG[39m [38;5;3m[InstanceLoader] [39m[32mNestjsQueryCoreModule dependencies initialized[39m
[32m[Nest] 98048  - [39m10/23/2025, 10:20:31 AM [32m    LOG[39m [38;5;3m[InstanceLoader] [39m[32mWorkflowBuilderModule dependencies initialized[39m
[32m[Nest] 98048  - [39m10/23/2025, 10:20:31 AM [32m    LOG[39m [38;5;3m[InstanceLoader] [39m[32mWorkspaceQueryBuilderModule dependencies initialized[39m
[32m[Nest] 98048  - [39m10/23/2025, 10:20:31 AM [32m    LOG[39m [38;5;3m[InstanceLoader] [39m[32mImapSmtpCaldavValidatorModule dependencies initialized[39m
[32m[Nest] 98048  - [39m10/23/2025, 10:20:31 AM [32m    LOG[39m [38;5;3m[InstanceLoader] [39m[32mMessageQueueModule dependencies initialized[39m
[32m[Nest] 98048  - [39m10/23/2025, 10:20:31 AM [32m    LOG[39m [38;5;3m[InstanceLoader] [39m[32mCalendarModule dependencies initialized[39m
[32m[Nest] 98048  - [39m10/23/2025, 10:20:31 AM [32m    LOG[39m [38;5;3m[InstanceLoader] [39m[32mWorkflowModule dependencies initialized[39m
[32m[Nest] 98048  - [39m10/23/2025, 10:20:31 AM [32m    LOG[39m [38;5;3m[InstanceLoader] [39m[32mHttpModule dependencies initialized[39m
[32m[Nest] 98048  - [39m10/23/2025, 10:20:31 AM [32m    LOG[39m [38;5;3m[InstanceLoader] [39m[32mHttpModule dependencies initialized[39m
[32m[Nest] 98048  - [39m10/23/2025, 10:20:31 AM [32m    LOG[39m [38;5;3m[InstanceLoader] [39m[32mHttpModule dependencies initialized[39m
[32m[Nest] 98048  - [39m10/23/2025, 10:20:31 AM [32m    LOG[39m [38;5;3m[InstanceLoader] [39m[32mConfigHostModule dependencies initialized[39m
[32m[Nest] 98048  - [39m10/23/2025, 10:20:31 AM [32m    LOG[39m [38;5;3m[InstanceLoader] [39m[32mWorkspaceSchemaManagerModule dependencies initialized[39m
[32m[Nest] 98048  - [39m10/23/2025, 10:20:31 AM [32m    LOG[39m [38;5;3m[InstanceLoader] [39m[32mCalDavDriverModule dependencies initialized[39m
[32m[Nest] 98048  - [39m10/23/2025, 10:20:31 AM [32m    LOG[39m [38;5;3m[InstanceLoader] [39m[32mConfigModule dependencies initialized[39m
[32m[Nest] 98048  - [39m10/23/2025, 10:20:31 AM [32m    LOG[39m [38;5;3m[InstanceLoader] [39m[32mConfigModule dependencies initialized[39m
[32m[Nest] 98048  - [39m10/23/2025, 10:20:31 AM [32m    LOG[39m [38;5;3m[InstanceLoader] [39m[32mWorkspaceMigrationBuilderModule dependencies initialized[39m
[32m[Nest] 98048  - [39m10/23/2025, 10:20:31 AM [32m    LOG[39m [38;5;3m[InstanceLoader] [39m[32mWorkspaceEventEmitterModule dependencies initialized[39m
[32m[Nest] 98048  - [39m10/23/2025, 10:20:31 AM [32m    LOG[39m [38;5;3m[InstanceLoader] [39m[32mDiscoveryModule dependencies initialized[39m
[32m[Nest] 98048  - [39m10/23/2025, 10:20:31 AM [32m    LOG[39m [38;5;3m[InstanceLoader] [39m[32mTerminusModule dependencies initialized[39m
[32m[Nest] 98048  - [39m10/23/2025, 10:20:31 AM [32m    LOG[39m [38;5;3m[InstanceLoader] [39m[32mEventEmitterModule dependencies initialized[39m
[32m[Nest] 98048  - [39m10/23/2025, 10:20:31 AM [32m    LOG[39m [38;5;3m[InstanceLoader] [39m[32mScheduleModule dependencies initialized[39m
[32m[Nest] 98048  - [39m10/23/2025, 10:20:31 AM [32m    LOG[39m [38;5;3m[InstanceLoader] [39m[32mWorkspaceQueryHookModule dependencies initialized[39m
[32m[Nest] 98048  - [39m10/23/2025, 10:20:31 AM [32m    LOG[39m [38;5;3m[InstanceLoader] [39m[32mWorkspaceManyOrAllFlatEntityMapsCacheModule dependencies initialized[39m
[32m[Nest] 98048  - [39m10/23/2025, 10:20:31 AM [32m    LOG[39m [38;5;3m[InstanceLoader] [39m[32mTypeOrmCoreModule dependencies initialized[39m
[32m[Nest] 98048  - [39m10/23/2025, 10:20:31 AM [32m    LOG[39m [38;5;3m[InstanceLoader] [39m[32mTypeOrmModule dependencies initialized[39m
[32m[Nest] 98048  - [39m10/23/2025, 10:20:31 AM [32m    LOG[39m [38;5;3m[InstanceLoader] [39m[32mTypeOrmModule dependencies initialized[39m
[32m[Nest] 98048  - [39m10/23/2025, 10:20:31 AM [32m    LOG[39m [38;5;3m[InstanceLoader] [39m[32mTypeOrmModule dependencies initialized[39m
[32m[Nest] 98048  - [39m10/23/2025, 10:20:31 AM [32m    LOG[39m [38;5;3m[InstanceLoader] [39m[32mTypeOrmModule dependencies initialized[39m
[32m[Nest] 98048  - [39m10/23/2025, 10:20:31 AM [32m    LOG[39m [38;5;3m[InstanceLoader] [39m[32mTypeOrmModule dependencies initialized[39m
[32m[Nest] 98048  - [39m10/23/2025, 10:20:31 AM [32m    LOG[39m [38;5;3m[InstanceLoader] [39m[32mTypeOrmModule dependencies initialized[39m
[32m[Nest] 98048  - [39m10/23/2025, 10:20:31 AM [32m    LOG[39m [38;5;3m[InstanceLoader] [39m[32mTypeOrmModule dependencies initialized[39m
[32m[Nest] 98048  - [39m10/23/2025, 10:20:31 AM [32m    LOG[39m [38;5;3m[InstanceLoader] [39m[32mTypeOrmModule dependencies initialized[39m
[32m[Nest] 98048  - [39m10/23/2025, 10:20:31 AM [32m    LOG[39m [38;5;3m[InstanceLoader] [39m[32mTypeOrmModule dependencies initialized[39m
[32m[Nest] 98048  - [39m10/23/2025, 10:20:31 AM [32m    LOG[39m [38;5;3m[InstanceLoader] [39m[32mTypeOrmModule dependencies initialized[39m
[32m[Nest] 98048  - [39m10/23/2025, 10:20:31 AM [32m    LOG[39m [38;5;3m[InstanceLoader] [39m[32mTypeOrmModule dependencies initialized[39m
[32m[Nest] 98048  - [39m10/23/2025, 10:20:31 AM [32m    LOG[39m [38;5;3m[InstanceLoader] [39m[32mTypeOrmModule dependencies initialized[39m
[32m[Nest] 98048  - [39m10/23/2025, 10:20:31 AM [32m    LOG[39m [38;5;3m[InstanceLoader] [39m[32mTypeOrmModule dependencies initialized[39m
[32m[Nest] 98048  - [39m10/23/2025, 10:20:31 AM [32m    LOG[39m [38;5;3m[InstanceLoader] [39m[32mTypeOrmModule dependencies initialized[39m
[32m[Nest] 98048  - [39m10/23/2025, 10:20:31 AM [32m    LOG[39m [38;5;3m[InstanceLoader] [39m[32mTypeOrmModule dependencies initialized[39m
[32m[Nest] 98048  - [39m10/23/2025, 10:20:31 AM [32m    LOG[39m [38;5;3m[InstanceLoader] [39m[32mTypeOrmModule dependencies initialized[39m
[32m[Nest] 98048  - [39m10/23/2025, 10:20:31 AM [32m    LOG[39m [38;5;3m[InstanceLoader] [39m[32mTypeOrmModule dependencies initialized[39m
[32m[Nest] 98048  - [39m10/23/2025, 10:20:31 AM [32m    LOG[39m [38;5;3m[InstanceLoader] [39m[32mTypeOrmModule dependencies initialized[39m
[32m[Nest] 98048  - [39m10/23/2025, 10:20:31 AM [32m    LOG[39m [38;5;3m[InstanceLoader] [39m[32mTypeOrmModule dependencies initialized[39m
[32m[Nest] 98048  - [39m10/23/2025, 10:20:31 AM [32m    LOG[39m [38;5;3m[InstanceLoader] [39m[32mTypeOrmModule dependencies initialized[39m
[32m[Nest] 98048  - [39m10/23/2025, 10:20:31 AM [32m    LOG[39m [38;5;3m[InstanceLoader] [39m[32mTypeOrmModule dependencies initialized[39m
[32m[Nest] 98048  - [39m10/23/2025, 10:20:31 AM [32m    LOG[39m [38;5;3m[InstanceLoader] [39m[32mTypeOrmModule dependencies initialized[39m
[32m[Nest] 98048  - [39m10/23/2025, 10:20:31 AM [32m    LOG[39m [38;5;3m[InstanceLoader] [39m[32mTypeOrmModule dependencies initialized[39m
[32m[Nest] 98048  - [39m10/23/2025, 10:20:31 AM [32m    LOG[39m [38;5;3m[InstanceLoader] [39m[32mTypeOrmModule dependencies initialized[39m
[32m[Nest] 98048  - [39m10/23/2025, 10:20:31 AM [32m    LOG[39m [38;5;3m[InstanceLoader] [39m[32mTypeOrmModule dependencies initialized[39m
[32m[Nest] 98048  - [39m10/23/2025, 10:20:31 AM [32m    LOG[39m [38;5;3m[InstanceLoader] [39m[32mTypeOrmModule dependencies initialized[39m
[32m[Nest] 98048  - [39m10/23/2025, 10:20:31 AM [32m    LOG[39m [38;5;3m[InstanceLoader] [39m[32mTypeOrmModule dependencies initialized[39m
[32m[Nest] 98048  - [39m10/23/2025, 10:20:31 AM [32m    LOG[39m [38;5;3m[InstanceLoader] [39m[32mTypeOrmModule dependencies initialized[39m
[32m[Nest] 98048  - [39m10/23/2025, 10:20:31 AM [32m    LOG[39m [38;5;3m[InstanceLoader] [39m[32mTypeOrmModule dependencies initialized[39m
[32m[Nest] 98048  - [39m10/23/2025, 10:20:31 AM [32m    LOG[39m [38;5;3m[InstanceLoader] [39m[32mTypeOrmModule dependencies initialized[39m
[32m[Nest] 98048  - [39m10/23/2025, 10:20:31 AM [32m    LOG[39m [38;5;3m[InstanceLoader] [39m[32mTypeOrmModule dependencies initialized[39m
[32m[Nest] 98048  - [39m10/23/2025, 10:20:31 AM [32m    LOG[39m [38;5;3m[InstanceLoader] [39m[32mTypeOrmModule dependencies initialized[39m
[32m[Nest] 98048  - [39m10/23/2025, 10:20:31 AM [32m    LOG[39m [38;5;3m[InstanceLoader] [39m[32mTypeOrmModule dependencies initialized[39m
[32m[Nest] 98048  - [39m10/23/2025, 10:20:31 AM [32m    LOG[39m [38;5;3m[InstanceLoader] [39m[32mTypeOrmModule dependencies initialized[39m
[32m[Nest] 98048  - [39m10/23/2025, 10:20:31 AM [32m    LOG[39m [38;5;3m[InstanceLoader] [39m[32mTypeOrmModule dependencies initialized[39m
[32m[Nest] 98048  - [39m10/23/2025, 10:20:31 AM [32m    LOG[39m [38;5;3m[InstanceLoader] [39m[32mTypeOrmModule dependencies initialized[39m
[32m[Nest] 98048  - [39m10/23/2025, 10:20:31 AM [32m    LOG[39m [38;5;3m[InstanceLoader] [39m[32mTypeOrmModule dependencies initialized[39m
[32m[Nest] 98048  - [39m10/23/2025, 10:20:31 AM [32m    LOG[39m [38;5;3m[InstanceLoader] [39m[32mTypeOrmModule dependencies initialized[39m
[32m[Nest] 98048  - [39m10/23/2025, 10:20:31 AM [32m    LOG[39m [38;5;3m[InstanceLoader] [39m[32mTypeOrmModule dependencies initialized[39m
[32m[Nest] 98048  - [39m10/23/2025, 10:20:31 AM [32m    LOG[39m [38;5;3m[InstanceLoader] [39m[32mTypeOrmModule dependencies initialized[39m
[32m[Nest] 98048  - [39m10/23/2025, 10:20:31 AM [32m    LOG[39m [38;5;3m[InstanceLoader] [39m[32mTypeOrmModule dependencies initialized[39m
[32m[Nest] 98048  - [39m10/23/2025, 10:20:31 AM [32m    LOG[39m [38;5;3m[InstanceLoader] [39m[32mTypeOrmModule dependencies initialized[39m
[32m[Nest] 98048  - [39m10/23/2025, 10:20:31 AM [32m    LOG[39m [38;5;3m[InstanceLoader] [39m[32mTypeOrmModule dependencies initialized[39m
[32m[Nest] 98048  - [39m10/23/2025, 10:20:31 AM [32m    LOG[39m [38;5;3m[InstanceLoader] [39m[32mTypeOrmModule dependencies initialized[39m
[32m[Nest] 98048  - [39m10/23/2025, 10:20:31 AM [32m    LOG[39m [38;5;3m[InstanceLoader] [39m[32mTypeOrmModule dependencies initialized[39m
[32m[Nest] 98048  - [39m10/23/2025, 10:20:31 AM [32m    LOG[39m [38;5;3m[InstanceLoader] [39m[32mTypeOrmModule dependencies initialized[39m
[32m[Nest] 98048  - [39m10/23/2025, 10:20:31 AM [32m    LOG[39m [38;5;3m[InstanceLoader] [39m[32mTypeOrmModule dependencies initialized[39m
[32m[Nest] 98048  - [39m10/23/2025, 10:20:31 AM [32m    LOG[39m [38;5;3m[InstanceLoader] [39m[32mTypeOrmModule dependencies initialized[39m
[32m[Nest] 98048  - [39m10/23/2025, 10:20:31 AM [32m    LOG[39m [38;5;3m[InstanceLoader] [39m[32mTypeOrmModule dependencies initialized[39m
[32m[Nest] 98048  - [39m10/23/2025, 10:20:31 AM [32m    LOG[39m [38;5;3m[InstanceLoader] [39m[32mTypeOrmModule dependencies initialized[39m
[32m[Nest] 98048  - [39m10/23/2025, 10:20:31 AM [32m    LOG[39m [38;5;3m[InstanceLoader] [39m[32mTypeOrmModule dependencies initialized[39m
[32m[Nest] 98048  - [39m10/23/2025, 10:20:31 AM [32m    LOG[39m [38;5;3m[InstanceLoader] [39m[32mTypeOrmModule dependencies initialized[39m
[32m[Nest] 98048  - [39m10/23/2025, 10:20:31 AM [32m    LOG[39m [38;5;3m[InstanceLoader] [39m[32mTypeOrmModule dependencies initialized[39m
[32m[Nest] 98048  - [39m10/23/2025, 10:20:31 AM [32m    LOG[39m [38;5;3m[InstanceLoader] [39m[32mTypeOrmModule dependencies initialized[39m
[32m[Nest] 98048  - [39m10/23/2025, 10:20:31 AM [32m    LOG[39m [38;5;3m[InstanceLoader] [39m[32mTypeOrmModule dependencies initialized[39m
[32m[Nest] 98048  - [39m10/23/2025, 10:20:31 AM [32m    LOG[39m [38;5;3m[InstanceLoader] [39m[32mTypeOrmModule dependencies initialized[39m
[32m[Nest] 98048  - [39m10/23/2025, 10:20:31 AM [32m    LOG[39m [38;5;3m[InstanceLoader] [39m[32mTypeOrmModule dependencies initialized[39m
[32m[Nest] 98048  - [39m10/23/2025, 10:20:31 AM [32m    LOG[39m [38;5;3m[InstanceLoader] [39m[32mTypeOrmModule dependencies initialized[39m
[32m[Nest] 98048  - [39m10/23/2025, 10:20:31 AM [32m    LOG[39m [38;5;3m[InstanceLoader] [39m[32mTypeOrmModule dependencies initialized[39m
[32m[Nest] 98048  - [39m10/23/2025, 10:20:31 AM [32m    LOG[39m [38;5;3m[InstanceLoader] [39m[32mTypeOrmModule dependencies initialized[39m
[32m[Nest] 98048  - [39m10/23/2025, 10:20:31 AM [32m    LOG[39m [38;5;3m[InstanceLoader] [39m[32mTypeOrmModule dependencies initialized[39m
[32m[Nest] 98048  - [39m10/23/2025, 10:20:31 AM [32m    LOG[39m [38;5;3m[InstanceLoader] [39m[32mTypeOrmModule dependencies initialized[39m
[32m[Nest] 98048  - [39m10/23/2025, 10:20:31 AM [32m    LOG[39m [38;5;3m[InstanceLoader] [39m[32mTypeOrmModule dependencies initialized[39m
[32m[Nest] 98048  - [39m10/23/2025, 10:20:31 AM [32m    LOG[39m [38;5;3m[InstanceLoader] [39m[32mTypeOrmModule dependencies initialized[39m
[32m[Nest] 98048  - [39m10/23/2025, 10:20:31 AM [32m    LOG[39m [38;5;3m[InstanceLoader] [39m[32mTypeOrmModule dependencies initialized[39m
[32m[Nest] 98048  - [39m10/23/2025, 10:20:31 AM [32m    LOG[39m [38;5;3m[InstanceLoader] [39m[32mTypeOrmModule dependencies initialized[39m
[32m[Nest] 98048  - [39m10/23/2025, 10:20:31 AM [32m    LOG[39m [38;5;3m[InstanceLoader] [39m[32mTypeOrmModule dependencies initialized[39m
[32m[Nest] 98048  - [39m10/23/2025, 10:20:31 AM [32m    LOG[39m [38;5;3m[InstanceLoader] [39m[32mTypeOrmModule dependencies initialized[39m
[32m[Nest] 98048  - [39m10/23/2025, 10:20:31 AM [32m    LOG[39m [38;5;3m[InstanceLoader] [39m[32mTypeOrmModule dependencies initialized[39m
[32m[Nest] 98048  - [39m10/23/2025, 10:20:31 AM [32m    LOG[39m [38;5;3m[InstanceLoader] [39m[32mTypeOrmModule dependencies initialized[39m
[32m[Nest] 98048  - [39m10/23/2025, 10:20:31 AM [32m    LOG[39m [38;5;3m[InstanceLoader] [39m[32mNestjsQueryTypeOrmModule dependencies initialized[39m
[32m[Nest] 98048  - [39m10/23/2025, 10:20:31 AM [32m    LOG[39m [38;5;3m[InstanceLoader] [39m[32mWorkspaceMigrationModule dependencies initialized[39m
[32m[Nest] 98048  - [39m10/23/2025, 10:20:31 AM [32m    LOG[39m [38;5;3m[InstanceLoader] [39m[32mNestjsQueryTypeOrmModule dependencies initialized[39m
[32m[Nest] 98048  - [39m10/23/2025, 10:20:31 AM [32m    LOG[39m [38;5;3m[InstanceLoader] [39m[32mDataSourceModule dependencies initialized[39m
[32m[Nest] 98048  - [39m10/23/2025, 10:20:31 AM [32m    LOG[39m [38;5;3m[InstanceLoader] [39m[32mNestjsQueryTypeOrmModule dependencies initialized[39m
[32m[Nest] 98048  - [39m10/23/2025, 10:20:31 AM [32m    LOG[39m [38;5;3m[InstanceLoader] [39m[32mNestjsQueryTypeOrmModule dependencies initialized[39m
[32m[Nest] 98048  - [39m10/23/2025, 10:20:31 AM [32m    LOG[39m [38;5;3m[InstanceLoader] [39m[32mNestjsQueryTypeOrmModule dependencies initialized[39m
[32m[Nest] 98048  - [39m10/23/2025, 10:20:31 AM [32m    LOG[39m [38;5;3m[InstanceLoader] [39m[32mNestjsQueryTypeOrmModule dependencies initialized[39m
[32m[Nest] 98048  - [39m10/23/2025, 10:20:31 AM [32m    LOG[39m [38;5;3m[InstanceLoader] [39m[32mNestjsQueryTypeOrmModule dependencies initialized[39m
[32m[Nest] 98048  - [39m10/23/2025, 10:20:31 AM [32m    LOG[39m [38;5;3m[InstanceLoader] [39m[32mNestjsQueryTypeOrmModule dependencies initialized[39m
[32m[Nest] 98048  - [39m10/23/2025, 10:20:31 AM [32m    LOG[39m [38;5;3m[InstanceLoader] [39m[32mNestjsQueryTypeOrmModule dependencies initialized[39m
[32m[Nest] 98048  - [39m10/23/2025, 10:20:31 AM [32m    LOG[39m [38;5;3m[InstanceLoader] [39m[32mNestjsQueryTypeOrmModule dependencies initialized[39m
[32m[Nest] 98048  - [39m10/23/2025, 10:20:31 AM [32m    LOG[39m [38;5;3m[InstanceLoader] [39m[32mNestjsQueryTypeOrmModule dependencies initialized[39m
[32m[Nest] 98048  - [39m10/23/2025, 10:20:31 AM [32m    LOG[39m [38;5;3m[InstanceLoader] [39m[32mNestjsQueryTypeOrmModule dependencies initialized[39m
[32m[Nest] 98048  - [39m10/23/2025, 10:20:31 AM [32m    LOG[39m [38;5;3m[InstanceLoader] [39m[32mAgentRoleModule dependencies initialized[39m
[32m[Nest] 98048  - [39m10/23/2025, 10:20:31 AM [32m    LOG[39m [38;5;3m[InstanceLoader] [39m[32mNestjsQueryTypeOrmModule dependencies initialized[39m
[32m[Nest] 98048  - [39m10/23/2025, 10:20:31 AM [32m    LOG[39m [38;5;3m[InstanceLoader] [39m[32mNestjsQueryTypeOrmModule dependencies initialized[39m
[32m[Nest] 98048  - [39m10/23/2025, 10:20:31 AM [32m    LOG[39m [38;5;3m[InstanceLoader] [39m[32mNestjsQueryTypeOrmModule dependencies initialized[39m
[32m[Nest] 98048  - [39m10/23/2025, 10:20:31 AM [32m    LOG[39m [38;5;3m[InstanceLoader] [39m[32mNestjsQueryTypeOrmModule dependencies initialized[39m
[32m[Nest] 98048  - [39m10/23/2025, 10:20:31 AM [32m    LOG[39m [38;5;3m[InstanceLoader] [39m[32mNestjsQueryTypeOrmModule dependencies initialized[39m
[32m[Nest] 98048  - [39m10/23/2025, 10:20:31 AM [32m    LOG[39m [38;5;3m[InstanceLoader] [39m[32mNestjsQueryTypeOrmModule dependencies initialized[39m
[32m[Nest] 98048  - [39m10/23/2025, 10:20:31 AM [32m    LOG[39m [38;5;3m[InstanceLoader] [39m[32mNestjsQueryTypeOrmModule dependencies initialized[39m
[32m[Nest] 98048  - [39m10/23/2025, 10:20:31 AM [32m    LOG[39m [38;5;3m[InstanceLoader] [39m[32mKeyValuePairModule dependencies initialized[39m
[32m[Nest] 98048  - [39m10/23/2025, 10:20:31 AM [32m    LOG[39m [38;5;3m[InstanceLoader] [39m[32mDatabaseConfigModule dependencies initialized[39m
[32m[Nest] 98048  - [39m10/23/2025, 10:20:31 AM [32m    LOG[39m [38;5;3m[TwentyConfigService] [39m[32mDatabase configuration is enabled[39m
[32m[Nest] 98048  - [39m10/23/2025, 10:20:31 AM [32m    LOG[39m [38;5;3m[TwentyConfigService] [39m[32mUsing database configuration driver[39m
[32m[Nest] 98048  - [39m10/23/2025, 10:20:31 AM [32m    LOG[39m [38;5;3m[InstanceLoader] [39m[32mWorkspaceMigrationRunnerModule dependencies initialized[39m
[32m[Nest] 98048  - [39m10/23/2025, 10:20:31 AM [32m    LOG[39m [38;5;3m[InstanceLoader] [39m[32mRemoteTableRelationsModule dependencies initialized[39m
[32m[Nest] 98048  - [39m10/23/2025, 10:20:31 AM [32m    LOG[39m [38;5;3m[InstanceLoader] [39m[32mWorkspaceDataSourceModule dependencies initialized[39m
[32m[Nest] 98048  - [39m10/23/2025, 10:20:31 AM [32m    LOG[39m [38;5;3m[InstanceLoader] [39m[32mNestjsQueryGraphQLModule dependencies initialized[39m
[32m[Nest] 98048  - [39m10/23/2025, 10:20:31 AM [32m    LOG[39m [38;5;3m[InstanceLoader] [39m[32mUserVarsModule dependencies initialized[39m
[32m[Nest] 98048  - [39m10/23/2025, 10:20:31 AM [32m    LOG[39m [38;5;3m[InstanceLoader] [39m[32mIndexMetadataModule dependencies initialized[39m
[32m[Nest] 98048  - [39m10/23/2025, 10:20:31 AM [32m    LOG[39m [38;5;3m[InstanceLoader] [39m[32mServerlessFunctionLayerModule dependencies initialized[39m
[32m[Nest] 98048  - [39m10/23/2025, 10:20:31 AM [32m    LOG[39m [38;5;3m[InstanceLoader] [39m[32mTwentyConfigModule dependencies initialized[39m
[32m[Nest] 98048  - [39m10/23/2025, 10:20:31 AM [32m    LOG[39m [38;5;3m[InstanceLoader] [39m[32mNestjsQueryGraphQLModule dependencies initialized[39m
[32m[Nest] 98048  - [39m10/23/2025, 10:20:31 AM [32m    LOG[39m [38;5;3m[InstanceLoader] [39m[32mNestjsQueryGraphQLModule dependencies initialized[39m
[32m[Nest] 98048  - [39m10/23/2025, 10:20:31 AM [32m    LOG[39m [38;5;3m[InstanceLoader] [39m[32mSearchVectorModule dependencies initialized[39m
[32m[Nest] 98048  - [39m10/23/2025, 10:20:31 AM [32m    LOG[39m [38;5;3m[InstanceLoader] [39m[32mRedisClientModule dependencies initialized[39m
[32m[Nest] 98048  - [39m10/23/2025, 10:20:31 AM [32m    LOG[39m [38;5;3m[InstanceLoader] [39m[32mClickHouseModule dependencies initialized[39m
[32m[Nest] 98048  - [39m10/23/2025, 10:20:31 AM [32m    LOG[39m [38;5;3m[InstanceLoader] [39m[32mGoogleAPIRefreshAccessTokenModule dependencies initialized[39m
[32m[Nest] 98048  - [39m10/23/2025, 10:20:31 AM [32m    LOG[39m [38;5;3m[InstanceLoader] [39m[32mMicrosoftAPIRefreshAccessTokenModule dependencies initialized[39m
[32m[Nest] 98048  - [39m10/23/2025, 10:20:31 AM [32m    LOG[39m [38;5;3m[InstanceLoader] [39m[32mTelemetryModule dependencies initialized[39m
[32m[Nest] 98048  - [39m10/23/2025, 10:20:31 AM [32m    LOG[39m [38;5;3m[InstanceLoader] [39m[32mDomainManagerModule dependencies initialized[39m
[32m[Nest] 98048  - [39m10/23/2025, 10:20:31 AM [32m    LOG[39m [38;5;3m[InstanceLoader] [39m[32mJwtModule dependencies initialized[39m
[32m[Nest] 98048  - [39m10/23/2025, 10:20:31 AM [32m    LOG[39m [38;5;3m[InstanceLoader] [39m[32mOAuth2ClientManagerModule dependencies initialized[39m
[32m[Nest] 98048  - [39m10/23/2025, 10:20:31 AM [32m    LOG[39m [38;5;3m[InstanceLoader] [39m[32mPgPoolSharedModule dependencies initialized[39m
[32m[Nest] 98048  - [39m10/23/2025, 10:20:31 AM [32m    LOG[39m [38;5;3m[InstanceLoader] [39m[32mFileStorageModule dependencies initialized[39m
[32m[Nest] 98048  - [39m10/23/2025, 10:20:31 AM [32m    LOG[39m [38;5;3m[InstanceLoader] [39m[32mMicrosoftCalendarDriverModule dependencies initialized[39m
[32m[Nest] 98048  - [39m10/23/2025, 10:20:31 AM [32m    LOG[39m [38;5;3m[InstanceLoader] [39m[32mLoggerModule dependencies initialized[39m
[32m[Nest] 98048  - [39m10/23/2025, 10:20:31 AM [32m    LOG[39m [38;5;3m[InstanceLoader] [39m[32mCaptchaModule dependencies initialized[39m
[32m[Nest] 98048  - [39m10/23/2025, 10:20:31 AM [32m    LOG[39m [38;5;3m[InstanceLoader] [39m[32mDnsManagerModule dependencies initialized[39m
[32m[Nest] 98048  - [39m10/23/2025, 10:20:31 AM [32m    LOG[39m [38;5;3m[InstanceLoader] [39m[32mStripeModule dependencies initialized[39m
[32m[Nest] 98048  - [39m10/23/2025, 10:20:31 AM [32m    LOG[39m [38;5;3m[InstanceLoader] [39m[32mGeoMapModule dependencies initialized[39m
[32m[Nest] 98048  - [39m10/23/2025, 10:20:31 AM [32m    LOG[39m [38;5;3m[InstanceLoader] [39m[32mExceptionHandlerModule dependencies initialized[39m
[32m[Nest] 98048  - [39m10/23/2025, 10:20:31 AM [32m    LOG[39m [38;5;3m[InstanceLoader] [39m[32mJwtModule dependencies initialized[39m
[32m[Nest] 98048  - [39m10/23/2025, 10:20:31 AM [32m    LOG[39m [38;5;3m[InstanceLoader] [39m[32mGuardRedirectModule dependencies initialized[39m
[32m[Nest] 98048  - [39m10/23/2025, 10:20:31 AM [32m    LOG[39m [38;5;3m[InstanceLoader] [39m[32mMessageQueueModule dependencies initialized[39m
[32m[Nest] 98048  - [39m10/23/2025, 10:20:31 AM [32m    LOG[39m [38;5;3m[InstanceLoader] [39m[32mMessageQueueCoreModule dependencies initialized[39m
[32m[Nest] 98048  - [39m10/23/2025, 10:20:31 AM [32m    LOG[39m [38;5;3m[InstanceLoader] [39m[32mAuditJobModule dependencies initialized[39m
[32m[Nest] 98048  - [39m10/23/2025, 10:20:31 AM [32m    LOG[39m [38;5;3m[InstanceLoader] [39m[32mMessagingMicrosoftDriverModule dependencies initialized[39m
[32m[Nest] 98048  - [39m10/23/2025, 10:20:31 AM [32m    LOG[39m [38;5;3m[InstanceLoader] [39m[32mSubscriptionsModule dependencies initialized[39m
[32m[Nest] 98048  - [39m10/23/2025, 10:20:31 AM [32m    LOG[39m [38;5;3m[InstanceLoader] [39m[32mAuditModule dependencies initialized[39m
[32m[Nest] 98048  - [39m10/23/2025, 10:20:31 AM [32m    LOG[39m [38;5;3m[InstanceLoader] [39m[32mGoogleCalendarDriverModule dependencies initialized[39m
[32m[Nest] 98048  - [39m10/23/2025, 10:20:31 AM [32m    LOG[39m [38;5;3m[InstanceLoader] [39m[32mMessagingGmailDriverModule dependencies initialized[39m
[32m[Nest] 98048  - [39m10/23/2025, 10:20:31 AM [32m    LOG[39m [38;5;3m[InstanceLoader] [39m[32mServerlessModule dependencies initialized[39m
[32m[Nest] 98048  - [39m10/23/2025, 10:20:31 AM [32m    LOG[39m [38;5;3m[InstanceLoader] [39m[32mClientConfigModule dependencies initialized[39m
[32m[Nest] 98048  - [39m10/23/2025, 10:20:31 AM [32m    LOG[39m [38;5;3m[InstanceLoader] [39m[32mWebhookJobModule dependencies initialized[39m
[32m[Nest] 98048  - [39m10/23/2025, 10:20:31 AM [32m    LOG[39m [38;5;3m[InstanceLoader] [39m[32mEmailModule dependencies initialized[39m
[32m[Nest] 98048  - [39m10/23/2025, 10:20:31 AM [32m    LOG[39m [38;5;3m[InstanceLoader] [39m[32mEmailingDomainModule dependencies initialized[39m
[32m[Nest] 98048  - [39m10/23/2025, 10:20:31 AM [32m    LOG[39m [38;5;3m[InstanceLoader] [39m[32mPublicDomainModule dependencies initialized[39m
[32m[Nest] 98048  - [39m10/23/2025, 10:20:31 AM [32m    LOG[39m [38;5;3m[InstanceLoader] [39m[32mPostgresCredentialsModule dependencies initialized[39m
[32m[Nest] 98048  - [39m10/23/2025, 10:20:31 AM [32m    LOG[39m [38;5;3m[InstanceLoader] [39m[32mFileUploadModule dependencies initialized[39m
[32m[Nest] 98048  - [39m10/23/2025, 10:20:31 AM [32m    LOG[39m [38;5;3m[InstanceLoader] [39m[32mWorkspaceSchemaMigrationRunnerActionHandlersModule dependencies initialized[39m
[32m[Nest] 98048  - [39m10/23/2025, 10:20:31 AM [32m    LOG[39m [38;5;3m[InstanceLoader] [39m[32mOnboardingModule dependencies initialized[39m
[32m[Nest] 98048  - [39m10/23/2025, 10:20:31 AM [32m    LOG[39m [38;5;3m[InstanceLoader] [39m[32mFileModule dependencies initialized[39m
[32m[Nest] 98048  - [39m10/23/2025, 10:20:31 AM [32m    LOG[39m [38;5;3m[InstanceLoader] [39m[32mCacheModule dependencies initialized[39m
[32m[Nest] 98048  - [39m10/23/2025, 10:20:31 AM [32m    LOG[39m [38;5;3m[InstanceLoader] [39m[32mCacheStorageModule dependencies initialized[39m
[32m[Nest] 98048  - [39m10/23/2025, 10:20:31 AM [32m    LOG[39m [38;5;3m[InstanceLoader] [39m[32mWorkspaceCacheStorageModule dependencies initialized[39m
[32m[Nest] 98048  - [39m10/23/2025, 10:20:31 AM [32m    LOG[39m [38;5;3m[InstanceLoader] [39m[32mThrottlerModule dependencies initialized[39m
[32m[Nest] 98048  - [39m10/23/2025, 10:20:31 AM [32m    LOG[39m [38;5;3m[InstanceLoader] [39m[32mFlatViewModule dependencies initialized[39m
[32m[Nest] 98048  - [39m10/23/2025, 10:20:31 AM [32m    LOG[39m [38;5;3m[InstanceLoader] [39m[32mWorkspaceFlatMapCacheModule dependencies initialized[39m
[32m[Nest] 98048  - [39m10/23/2025, 10:20:31 AM [32m    LOG[39m [38;5;3m[InstanceLoader] [39m[32mCacheLockModule dependencies initialized[39m
[32m[Nest] 98048  - [39m10/23/2025, 10:20:31 AM [32m    LOG[39m [38;5;3m[InstanceLoader] [39m[32mWorkspacePermissionsCacheModule dependencies initialized[39m
[32m[Nest] 98048  - [39m10/23/2025, 10:20:31 AM [32m    LOG[39m [38;5;3m[InstanceLoader] [39m[32mMetricsModule dependencies initialized[39m
[32m[Nest] 98048  - [39m10/23/2025, 10:20:31 AM [32m    LOG[39m [38;5;3m[InstanceLoader] [39m[32mWorkspaceFeatureFlagsMapCacheModule dependencies initialized[39m
[32m[Nest] 98048  - [39m10/23/2025, 10:20:31 AM [32m    LOG[39m [38;5;3m[InstanceLoader] [39m[32mWorkspaceMetadataCacheModule dependencies initialized[39m
[32m[Nest] 98048  - [39m10/23/2025, 10:20:31 AM [32m    LOG[39m [38;5;3m[InstanceLoader] [39m[32mPermissionFlagModule dependencies initialized[39m
[32m[Nest] 98048  - [39m10/23/2025, 10:20:31 AM [32m    LOG[39m [38;5;3m[InstanceLoader] [39m[32mObjectPermissionModule dependencies initialized[39m
[32m[Nest] 98048  - [39m10/23/2025, 10:20:31 AM [32m    LOG[39m [38;5;3m[InstanceLoader] [39m[32mFeatureFlagModule dependencies initialized[39m
[32m[Nest] 98048  - [39m10/23/2025, 10:20:31 AM [32m    LOG[39m [38;5;3m[InstanceLoader] [39m[32mWorkspaceMetadataVersionModule dependencies initialized[39m
[32m[Nest] 98048  - [39m10/23/2025, 10:20:31 AM [32m    LOG[39m [38;5;3m[InstanceLoader] [39m[32mCodeActionModule dependencies initialized[39m
[32m[Nest] 98048  - [39m10/23/2025, 10:20:31 AM [32m    LOG[39m [38;5;3m[InstanceLoader] [39m[32mTwentyORMModule dependencies initialized[39m
[32m[Nest] 98048  - [39m10/23/2025, 10:20:31 AM [32m    LOG[39m [38;5;3m[InstanceLoader] [39m[32mWorkspaceMigrationRunnerV2Module dependencies initialized[39m
[32m[Nest] 98048  - [39m10/23/2025, 10:20:31 AM [32m    LOG[39m [38;5;3m[InstanceLoader] [39m[32mWorkspaceMigrationBuilderValidatorsModule dependencies initialized[39m
[32m[Nest] 98048  - [39m10/23/2025, 10:20:31 AM [32m    LOG[39m [38;5;3m[InstanceLoader] [39m[32mFlatFieldMetadataModule dependencies initialized[39m
[32m[Nest] 98048  - [39m10/23/2025, 10:20:31 AM [32m    LOG[39m [38;5;3m[InstanceLoader] [39m[32mEmailAliasManagerModule dependencies initialized[39m
[32m[Nest] 98048  - [39m10/23/2025, 10:20:31 AM [32m    LOG[39m [38;5;3m[InstanceLoader] [39m[32mRefreshTokensManagerModule dependencies initialized[39m
[32m[Nest] 98048  - [39m10/23/2025, 10:20:31 AM [32m    LOG[39m [38;5;3m[InstanceLoader] [39m[32mConnectedAccountQueryHookModule dependencies initialized[39m
[32m[Nest] 98048  - [39m10/23/2025, 10:20:31 AM [32m    LOG[39m [38;5;3m[InstanceLoader] [39m[32mMessagingCommonModule dependencies initialized[39m
[32m[Nest] 98048  - [39m10/23/2025, 10:20:31 AM [32m    LOG[39m [38;5;3m[InstanceLoader] [39m[32mCalendarCommonModule dependencies initialized[39m
[32m[Nest] 98048  - [39m10/23/2025, 10:20:31 AM [32m    LOG[39m [38;5;3m[InstanceLoader] [39m[32mRecordPositionModule dependencies initialized[39m
[32m[Nest] 98048  - [39m10/23/2025, 10:20:31 AM [32m    LOG[39m [38;5;3m[InstanceLoader] [39m[32mObjectMetadataRepositoryModule dependencies initialized[39m
[32m[Nest] 98048  - [39m10/23/2025, 10:20:31 AM [32m    LOG[39m [38;5;3m[InstanceLoader] [39m[32mObjectMetadataRepositoryModule dependencies initialized[39m
[32m[Nest] 98048  - [39m10/23/2025, 10:20:31 AM [32m    LOG[39m [38;5;3m[InstanceLoader] [39m[32mIMAPAPIsModule dependencies initialized[39m
[32m[Nest] 98048  - [39m10/23/2025, 10:20:31 AM [32m    LOG[39m [38;5;3m[InstanceLoader] [39m[32mMatchParticipantModule dependencies initialized[39m
[32m[Nest] 98048  - [39m10/23/2025, 10:20:31 AM [32m    LOG[39m [38;5;3m[InstanceLoader] [39m[32mConnectedAccountModule dependencies initialized[39m
[32m[Nest] 98048  - [39m10/23/2025, 10:20:31 AM [32m    LOG[39m [38;5;3m[InstanceLoader] [39m[32mUserRoleModule dependencies initialized[39m
[32m[Nest] 98048  - [39m10/23/2025, 10:20:31 AM [32m    LOG[39m [38;5;3m[InstanceLoader] [39m[32mWorkflowCommonModule dependencies initialized[39m
[32m[Nest] 98048  - [39m10/23/2025, 10:20:31 AM [32m    LOG[39m [38;5;3m[InstanceLoader] [39m[32mWorkflowStatusModule dependencies initialized[39m
[32m[Nest] 98048  - [39m10/23/2025, 10:20:31 AM [32m    LOG[39m [38;5;3m[InstanceLoader] [39m[32mMessagingMonitoringModule dependencies initialized[39m
[32m[Nest] 98048  - [39m10/23/2025, 10:20:31 AM [32m    LOG[39m [38;5;3m[InstanceLoader] [39m[32mMessagingFolderSyncManagerModule dependencies initialized[39m
[32m[Nest] 98048  - [39m10/23/2025, 10:20:31 AM [32m    LOG[39m [38;5;3m[InstanceLoader] [39m[32mWorkspaceSyncMetadataModule dependencies initialized[39m
[32m[Nest] 98048  - [39m10/23/2025, 10:20:31 AM [32m    LOG[39m [38;5;3m[InstanceLoader] [39m[32mAdminPanelModule dependencies initialized[39m
[32m[Nest] 98048  - [39m10/23/2025, 10:20:31 AM [32m    LOG[39m [38;5;3m[InstanceLoader] [39m[32mApprovedAccessDomainModule dependencies initialized[39m
[32m[Nest] 98048  - [39m10/23/2025, 10:20:31 AM [32m    LOG[39m [38;5;3m[InstanceLoader] [39m[32mMessagingQueryHookModule dependencies initialized[39m
[32m[Nest] 98048  - [39m10/23/2025, 10:20:31 AM [32m    LOG[39m [38;5;3m[InstanceLoader] [39m[32mCalendarQueryHookModule dependencies initialized[39m
[32m[Nest] 98048  - [39m10/23/2025, 10:20:31 AM [32m    LOG[39m [38;5;3m[InstanceLoader] [39m[32mCalendarEventCleanerModule dependencies initialized[39m
[32m[Nest] 98048  - [39m10/23/2025, 10:20:31 AM [32m    LOG[39m [38;5;3m[InstanceLoader] [39m[32mFavoriteModule dependencies initialized[39m
[32m[Nest] 98048  - [39m10/23/2025, 10:20:31 AM [32m    LOG[39m [38;5;3m[InstanceLoader] [39m[32mMessagingMessageCleanerModule dependencies initialized[39m
[32m[Nest] 98048  - [39m10/23/2025, 10:20:31 AM [32m    LOG[39m [38;5;3m[InstanceLoader] [39m[32mActorModule dependencies initialized[39m
[32m[Nest] 98048  - [39m10/23/2025, 10:20:31 AM [32m    LOG[39m [38;5;3m[InstanceLoader] [39m[32mContactCreationManagerModule dependencies initialized[39m
[32m[Nest] 98048  - [39m10/23/2025, 10:20:31 AM [32m    LOG[39m [38;5;3m[InstanceLoader] [39m[32mCalendarBlocklistManagerModule dependencies initialized[39m
[32m[Nest] 98048  - [39m10/23/2025, 10:20:31 AM [32m    LOG[39m [38;5;3m[InstanceLoader] [39m[32mWorkspaceQueryRunnerModule dependencies initialized[39m
[32m[Nest] 98048  - [39m10/23/2025, 10:20:31 AM [32m    LOG[39m [38;5;3m[InstanceLoader] [39m[32mBlocklistValidationManagerModule dependencies initialized[39m
[32m[Nest] 98048  - [39m10/23/2025, 10:20:31 AM [32m    LOG[39m [38;5;3m[InstanceLoader] [39m[32mTimelineActivityModule dependencies initialized[39m
[32m[Nest] 98048  - [39m10/23/2025, 10:20:31 AM [32m    LOG[39m [38;5;3m[InstanceLoader] [39m[32mMessagingBlocklistManagerModule dependencies initialized[39m
[32m[Nest] 98048  - [39m10/23/2025, 10:20:31 AM [32m    LOG[39m [38;5;3m[InstanceLoader] [39m[32mPermissionsModule dependencies initialized[39m
[32m[Nest] 98048  - [39m10/23/2025, 10:20:31 AM [32m    LOG[39m [38;5;3m[InstanceLoader] [39m[32mNestjsQueryGraphQLModule dependencies initialized[39m
[32m[Nest] 98048  - [39m10/23/2025, 10:20:31 AM [32m    LOG[39m [38;5;3m[InstanceLoader] [39m[32mWorkflowVersionEdgeModule dependencies initialized[39m
[32m[Nest] 98048  - [39m10/23/2025, 10:20:31 AM [32m    LOG[39m [38;5;3m[InstanceLoader] [39m[32mAutomatedTriggerModule dependencies initialized[39m
[32m[Nest] 98048  - [39m10/23/2025, 10:20:31 AM [32m    LOG[39m [38;5;3m[InstanceLoader] [39m[32mRecordCRUDActionModule dependencies initialized[39m
[32m[Nest] 98048  - [39m10/23/2025, 10:20:31 AM [32m    LOG[39m [38;5;3m[InstanceLoader] [39m[32mWorkflowSchemaModule dependencies initialized[39m
[32m[Nest] 98048  - [39m10/23/2025, 10:20:31 AM [32m    LOG[39m [38;5;3m[InstanceLoader] [39m[32mUserWorkspaceModule dependencies initialized[39m
[32m[Nest] 98048  - [39m10/23/2025, 10:20:31 AM [32m    LOG[39m [38;5;3m[InstanceLoader] [39m[32mTimelineCalendarEventModule dependencies initialized[39m
[32m[Nest] 98048  - [39m10/23/2025, 10:20:31 AM [32m    LOG[39m [38;5;3m[InstanceLoader] [39m[32mSearchModule dependencies initialized[39m
[32m[Nest] 98048  - [39m10/23/2025, 10:20:31 AM [32m    LOG[39m [38;5;3m[InstanceLoader] [39m[32mWorkflowRunQueueModule dependencies initialized[39m
[32m[Nest] 98048  - [39m10/23/2025, 10:20:31 AM [32m    LOG[39m [38;5;3m[InstanceLoader] [39m[32mWorkflowQueryHookModule dependencies initialized[39m
[32m[Nest] 98048  - [39m10/23/2025, 10:20:31 AM [32m    LOG[39m [38;5;3m[InstanceLoader] [39m[32mHealthModule dependencies initialized[39m
[32m[Nest] 98048  - [39m10/23/2025, 10:20:31 AM [32m    LOG[39m [38;5;3m[InstanceLoader] [39m[32mDashboardQueryHookModule dependencies initialized[39m
[32m[Nest] 98048  - [39m10/23/2025, 10:20:31 AM [32m    LOG[39m [38;5;3m[InstanceLoader] [39m[32mAutoCompaniesAndContactsCreationJobModule dependencies initialized[39m
[32m[Nest] 98048  - [39m10/23/2025, 10:20:31 AM [32m    LOG[39m [38;5;3m[InstanceLoader] [39m[32mMessageParticipantManagerModule dependencies initialized[39m
[32m[Nest] 98048  - [39m10/23/2025, 10:20:31 AM [32m    LOG[39m [38;5;3m[InstanceLoader] [39m[32mCalendarEventParticipantManagerModule dependencies initialized[39m
[32m[Nest] 98048  - [39m10/23/2025, 10:20:31 AM [32m    LOG[39m [38;5;3m[InstanceLoader] [39m[32mBlocklistQueryHookModule dependencies initialized[39m
[32m[Nest] 98048  - [39m10/23/2025, 10:20:31 AM [32m    LOG[39m [38;5;3m[InstanceLoader] [39m[32mTimelineJobModule dependencies initialized[39m
[32m[Nest] 98048  - [39m10/23/2025, 10:20:31 AM [32m    LOG[39m [38;5;3m[InstanceLoader] [39m[32mWorkflowVersionStepModule dependencies initialized[39m
[32m[Nest] 98048  - [39m10/23/2025, 10:20:31 AM [32m    LOG[39m [38;5;3m[InstanceLoader] [39m[32mWorkspaceSSOModule dependencies initialized[39m
[32m[Nest] 98048  - [39m10/23/2025, 10:20:31 AM [32m    LOG[39m [38;5;3m[InstanceLoader] [39m[32mLabModule dependencies initialized[39m
[32m[Nest] 98048  - [39m10/23/2025, 10:20:31 AM [32m    LOG[39m [38;5;3m[InstanceLoader] [39m[32mWorkspaceInvitationModule dependencies initialized[39m
[32m[Nest] 98048  - [39m10/23/2025, 10:20:31 AM [32m    LOG[39m [38;5;3m[InstanceLoader] [39m[32mMessagingIMAPDriverModule dependencies initialized[39m
[32m[Nest] 98048  - [39m10/23/2025, 10:20:31 AM [32m    LOG[39m [38;5;3m[InstanceLoader] [39m[32mWorkspaceMemberQueryHookModule dependencies initialized[39m
[32m[Nest] 98048  - [39m10/23/2025, 10:20:31 AM [32m    LOG[39m [38;5;3m[InstanceLoader] [39m[32mWorkflowVersionModule dependencies initialized[39m
[32m[Nest] 98048  - [39m10/23/2025, 10:20:31 AM [32m    LOG[39m [38;5;3m[InstanceLoader] [39m[32mWorkspaceMigrationBuilderV2Module dependencies initialized[39m
[32m[Nest] 98048  - [39m10/23/2025, 10:20:31 AM [32m    LOG[39m [38;5;3m[InstanceLoader] [39m[32mWorkflowRunModule dependencies initialized[39m
[32m[Nest] 98048  - [39m10/23/2025, 10:20:31 AM [32m    LOG[39m [38;5;3m[InstanceLoader] [39m[32mTokenModule dependencies initialized[39m
[32m[Nest] 98048  - [39m10/23/2025, 10:20:31 AM [32m    LOG[39m [38;5;3m[InstanceLoader] [39m[32mImapSmtpCaldavModule dependencies initialized[39m
[32m[Nest] 98048  - [39m10/23/2025, 10:20:31 AM [32m    LOG[39m [38;5;3m[InstanceLoader] [39m[32mCalendarEventImportManagerModule dependencies initialized[39m
[32m[Nest] 98048  - [39m10/23/2025, 10:20:31 AM [32m    LOG[39m [38;5;3m[InstanceLoader] [39m[32mIteratorActionModule dependencies initialized[39m
[32m[Nest] 98048  - [39m10/23/2025, 10:20:31 AM [32m    LOG[39m [38;5;3m[InstanceLoader] [39m[32mWebhookModule dependencies initialized[39m
[32m[Nest] 98048  - [39m10/23/2025, 10:20:31 AM [32m    LOG[39m [38;5;3m[InstanceLoader] [39m[32mWorkspaceMigrationV2Module dependencies initialized[39m
[32m[Nest] 98048  - [39m10/23/2025, 10:20:31 AM [32m    LOG[39m [38;5;3m[InstanceLoader] [39m[32mBillingModule dependencies initialized[39m
[32m[Nest] 98048  - [39m10/23/2025, 10:20:31 AM [32m    LOG[39m [38;5;3m[InstanceLoader] [39m[32mWorkflowTriggerModule dependencies initialized[39m
[32m[Nest] 98048  - [39m10/23/2025, 10:20:31 AM [32m    LOG[39m [38;5;3m[InstanceLoader] [39m[32mRoleModule dependencies initialized[39m
[32m[Nest] 98048  - [39m10/23/2025, 10:20:31 AM [32m    LOG[39m [38;5;3m[InstanceLoader] [39m[32mMessagingImportManagerModule dependencies initialized[39m
[32m[Nest] 98048  - [39m10/23/2025, 10:20:31 AM [32m    LOG[39m [38;5;3m[InstanceLoader] [39m[32mImpersonationModule dependencies initialized[39m
[32m[Nest] 98048  - [39m10/23/2025, 10:20:31 AM [32m    LOG[39m [38;5;3m[InstanceLoader] [39m[32mApiKeyModule dependencies initialized[39m
[32m[Nest] 98048  - [39m10/23/2025, 10:20:31 AM [32m    LOG[39m [38;5;3m[InstanceLoader] [39m[32mServerlessFunctionModule dependencies initialized[39m
[32m[Nest] 98048  - [39m10/23/2025, 10:20:31 AM [32m    LOG[39m [38;5;3m[InstanceLoader] [39m[32mWorkflowToolsModule dependencies initialized[39m
[32m[Nest] 98048  - [39m10/23/2025, 10:20:31 AM [32m    LOG[39m [38;5;3m[InstanceLoader] [39m[32mPageLayoutModule dependencies initialized[39m
[32m[Nest] 98048  - [39m10/23/2025, 10:20:31 AM [32m    LOG[39m [38;5;3m[InstanceLoader] [39m[32mDatabaseEventTriggerModule dependencies initialized[39m
[32m[Nest] 98048  - [39m10/23/2025, 10:20:31 AM [32m    LOG[39m [38;5;3m[InstanceLoader] [39m[32mCronTriggerModule dependencies initialized[39m
[32m[Nest] 98048  - [39m10/23/2025, 10:20:31 AM [32m    LOG[39m [38;5;3m[InstanceLoader] [39m[32mWorkspaceHealthModule dependencies initialized[39m
[32m[Nest] 98048  - [39m10/23/2025, 10:20:31 AM [32m    LOG[39m [38;5;3m[InstanceLoader] [39m[32mWorkspaceManagerModule dependencies initialized[39m
[32m[Nest] 98048  - [39m10/23/2025, 10:20:31 AM [32m    LOG[39m [38;5;3m[InstanceLoader] [39m[32mApplicationModule dependencies initialized[39m
[32m[Nest] 98048  - [39m10/23/2025, 10:20:31 AM [32m    LOG[39m [38;5;3m[InstanceLoader] [39m[32mNestjsQueryGraphQLModule dependencies initialized[39m
[32m[Nest] 98048  - [39m10/23/2025, 10:20:31 AM [32m    LOG[39m [38;5;3m[InstanceLoader] [39m[32mNestjsQueryGraphQLModule dependencies initialized[39m
[32m[Nest] 98048  - [39m10/23/2025, 10:20:31 AM [32m    LOG[39m [38;5;3m[InstanceLoader] [39m[32mDevSeederModule dependencies initialized[39m
[32m[Nest] 98048  - [39m10/23/2025, 10:20:31 AM [32m    LOG[39m [38;5;3m[InstanceLoader] [39m[32mOpenApiModule dependencies initialized[39m
[32m[Nest] 98048  - [39m10/23/2025, 10:20:31 AM [32m    LOG[39m [38;5;3m[InstanceLoader] [39m[32mAiAgentActionModule dependencies initialized[39m
[32m[Nest] 98048  - [39m10/23/2025, 10:20:31 AM [32m    LOG[39m [38;5;3m[InstanceLoader] [39m[32mObjectMetadataModule dependencies initialized[39m
[32m[Nest] 98048  - [39m10/23/2025, 10:20:31 AM [32m    LOG[39m [38;5;3m[InstanceLoader] [39m[32mFieldMetadataModule dependencies initialized[39m
[32m[Nest] 98048  - [39m10/23/2025, 10:20:31 AM [32m    LOG[39m [38;5;3m[InstanceLoader] [39m[32mRouteTriggerModule dependencies initialized[39m
[32m[Nest] 98048  - [39m10/23/2025, 10:20:31 AM [32m    LOG[39m [38;5;3m[InstanceLoader] [39m[32mUserModule dependencies initialized[39m
[32m[Nest] 98048  - [39m10/23/2025, 10:20:31 AM [32m    LOG[39m [38;5;3m[InstanceLoader] [39m[32mWorkflowExecutorModule dependencies initialized[39m
[32m[Nest] 98048  - [39m10/23/2025, 10:20:31 AM [32m    LOG[39m [38;5;3m[InstanceLoader] [39m[32mNestjsQueryGraphQLModule dependencies initialized[39m
[32m[Nest] 98048  - [39m10/23/2025, 10:20:31 AM [32m    LOG[39m [38;5;3m[InstanceLoader] [39m[32mTimelineMessagingModule dependencies initialized[39m
[32m[Nest] 98048  - [39m10/23/2025, 10:20:31 AM [32m    LOG[39m [38;5;3m[InstanceLoader] [39m[32mTwoFactorAuthenticationModule dependencies initialized[39m
[32m[Nest] 98048  - [39m10/23/2025, 10:20:31 AM [32m    LOG[39m [38;5;3m[InstanceLoader] [39m[32mWorkspaceCleanerModule dependencies initialized[39m
[32m[Nest] 98048  - [39m10/23/2025, 10:20:31 AM [32m    LOG[39m [38;5;3m[InstanceLoader] [39m[32mJobsModule dependencies initialized[39m
[32m[Nest] 98048  - [39m10/23/2025, 10:20:31 AM [32m    LOG[39m [38;5;3m[InstanceLoader] [39m[32mWorkspaceModule dependencies initialized[39m
[32m[Nest] 98048  - [39m10/23/2025, 10:20:31 AM [32m    LOG[39m [38;5;3m[InstanceLoader] [39m[32mEmailVerificationModule dependencies initialized[39m
[32m[Nest] 98048  - [39m10/23/2025, 10:20:31 AM [32m    LOG[39m [38;5;3m[InstanceLoader] [39m[32mWorkflowRunnerModule dependencies initialized[39m
[32m[Nest] 98048  - [39m10/23/2025, 10:20:31 AM [32m    LOG[39m [38;5;3m[InstanceLoader] [39m[32mCoreViewModule dependencies initialized[39m
[32m[Nest] 98048  - [39m10/23/2025, 10:20:31 AM [32m    LOG[39m [38;5;3m[InstanceLoader] [39m[32mAgentModule dependencies initialized[39m
[32m[Nest] 98048  - [39m10/23/2025, 10:20:31 AM [32m    LOG[39m [38;5;3m[InstanceLoader] [39m[32mAiModule dependencies initialized[39m
[32m[Nest] 98048  - [39m10/23/2025, 10:20:31 AM [32m    LOG[39m [38;5;3m[InstanceLoader] [39m[32mCloudflareModule dependencies initialized[39m
[32m[Nest] 98048  - [39m10/23/2025, 10:20:31 AM [32m    LOG[39m [38;5;3m[InstanceLoader] [39m[32mBillingWebhookModule dependencies initialized[39m
[32m[Nest] 98048  - [39m10/23/2025, 10:20:31 AM [32m    LOG[39m [38;5;3m[InstanceLoader] [39m[32mWorkflowApiModule dependencies initialized[39m
[32m[Nest] 98048  - [39m10/23/2025, 10:20:31 AM [32m    LOG[39m [38;5;3m[InstanceLoader] [39m[32mAuthModule dependencies initialized[39m
[32m[Nest] 98048  - [39m10/23/2025, 10:20:31 AM [32m    LOG[39m [38;5;3m[PgPoolSharedService] [39m[32mPool sharing will use max 10 connections per pool with 600000ms idle timeout and allowExitOnIdle=true[39m
[32m[Nest] 98048  - [39m10/23/2025, 10:20:31 AM [32m    LOG[39m [38;5;3m[PgPoolSharedService] [39m[32mpg.Pool patched successfully by this service instance.[39m
[32m[Nest] 98048  - [39m10/23/2025, 10:20:31 AM [32m    LOG[39m [38;5;3m[PgPoolSharedService] [39m[32mPg pool sharing initialized - pools will be shared across tenants[39m
[32m[Nest] 98048  - [39m10/23/2025, 10:20:31 AM [32m    LOG[39m [38;5;3m[DatabaseConfigDriver] [39m[32m[INIT] Loading initial config variables from database[39m
[32m[Nest] 98048  - [39m10/23/2025, 10:20:31 AM [32m    LOG[39m [38;5;3m[DatabaseConfigDriver] [39m[32m[INIT] Config variables loaded: 1 values found in DB, 54 falling to env vars/defaults[39m
[32m[Nest] 98048  - [39m10/23/2025, 10:21:00 AM [32m    LOG[39m [38;5;3m[BullMQDriver] [39m[32mProcessing job repeat:MessagingMessagesImportCronJob:1761186060000 with name MessagingMessagesImportCronJob on queue cron-queue[39m
[32m[Nest] 98048  - [39m10/23/2025, 10:21:00 AM [32m    LOG[39m [38;5;3m[BullMQDriver] [39m[32mJob repeat:MessagingMessagesImportCronJob:1761186060000 with name MessagingMessagesImportCronJob processed on queue cron-queue in 18.06ms[39m
[32m[Nest] 98048  - [39m10/23/2025, 10:21:00 AM [32m    LOG[39m [38;5;3m[BullMQDriver] [39m[32mProcessing job repeat:CalendarEventsImportCronJob:1761186060000 with name CalendarEventsImportCronJob on queue cron-queue[39m
[32m[Nest] 98048  - [39m10/23/2025, 10:21:00 AM [32m    LOG[39m [38;5;3m[BullMQDriver] [39m[32mJob repeat:CalendarEventsImportCronJob:1761186060000 with name CalendarEventsImportCronJob processed on queue cron-queue in 5.89ms[39m
[32m[Nest] 98048  - [39m10/23/2025, 10:21:00 AM [32m    LOG[39m [38;5;3m[BullMQDriver] [39m[32mProcessing job repeat:WorkflowCronTriggerCronJob:1761186060000 with name WorkflowCronTriggerCronJob on queue cron-queue[39m
[32m[Nest] 98048  - [39m10/23/2025, 10:21:00 AM [32m    LOG[39m [38;5;3m[BullMQDriver] [39m[32mJob repeat:WorkflowCronTriggerCronJob:1761186060000 with name WorkflowCronTriggerCronJob processed on queue cron-queue in 11.09ms[39m
[32m[Nest] 98048  - [39m10/23/2025, 10:21:00 AM [32m    LOG[39m [38;5;3m[BullMQDriver] [39m[32mProcessing job repeat:CronTriggerCronJob:1761186060000 with name CronTriggerCronJob on queue cron-queue[39m
[32m[Nest] 98048  - [39m10/23/2025, 10:21:00 AM [32m    LOG[39m [38;5;3m[BullMQDriver] [39m[32mJob repeat:CronTriggerCronJob:1761186060000 with name CronTriggerCronJob processed on queue cron-queue in 11.57ms[39m
[32m[Nest] 98048  - [39m10/23/2025, 10:22:00 AM [32m    LOG[39m [38;5;3m[BullMQDriver] [39m[32mProcessing job repeat:MessagingMessageListFetchCronJob:1761186120000 with name MessagingMessageListFetchCronJob on queue cron-queue[39m
[32m[Nest] 98048  - [39m10/23/2025, 10:22:00 AM [32m    LOG[39m [38;5;3m[BullMQDriver] [39m[32mJob repeat:MessagingMessageListFetchCronJob:1761186120000 with name MessagingMessageListFetchCronJob processed on queue cron-queue in 6.36ms[39m
[32m[Nest] 98048  - [39m10/23/2025, 10:22:00 AM [32m    LOG[39m [38;5;3m[BullMQDriver] [39m[32mProcessing job repeat:MessagingMessagesImportCronJob:1761186120000 with name MessagingMessagesImportCronJob on queue cron-queue[39m
[32m[Nest] 98048  - [39m10/23/2025, 10:22:00 AM [32m    LOG[39m [38;5;3m[BullMQDriver] [39m[32mJob repeat:MessagingMessagesImportCronJob:1761186120000 with name MessagingMessagesImportCronJob processed on queue cron-queue in 1.66ms[39m
[32m[Nest] 98048  - [39m10/23/2025, 10:22:00 AM [32m    LOG[39m [38;5;3m[BullMQDriver] [39m[32mProcessing job repeat:CalendarEventsImportCronJob:1761186120000 with name CalendarEventsImportCronJob on queue cron-queue[39m
[32m[Nest] 98048  - [39m10/23/2025, 10:22:00 AM [32m    LOG[39m [38;5;3m[BullMQDriver] [39m[32mJob repeat:CalendarEventsImportCronJob:1761186120000 with name CalendarEventsImportCronJob processed on queue cron-queue in 2.35ms[39m
[32m[Nest] 98048  - [39m10/23/2025, 10:22:00 AM [32m    LOG[39m [38;5;3m[BullMQDriver] [39m[32mProcessing job repeat:WorkflowCronTriggerCronJob:1761186120000 with name WorkflowCronTriggerCronJob on queue cron-queue[39m
[32m[Nest] 98048  - [39m10/23/2025, 10:22:00 AM [32m    LOG[39m [38;5;3m[BullMQDriver] [39m[32mJob repeat:WorkflowCronTriggerCronJob:1761186120000 with name WorkflowCronTriggerCronJob processed on queue cron-queue in 7.30ms[39m
[32m[Nest] 98048  - [39m10/23/2025, 10:22:00 AM [32m    LOG[39m [38;5;3m[BullMQDriver] [39m[32mProcessing job repeat:CronTriggerCronJob:1761186120000 with name CronTriggerCronJob on queue cron-queue[39m
[32m[Nest] 98048  - [39m10/23/2025, 10:22:00 AM [32m    LOG[39m [38;5;3m[BullMQDriver] [39m[32mJob repeat:CronTriggerCronJob:1761186120000 with name CronTriggerCronJob processed on queue cron-queue in 3.46ms[39m
[32m[Nest] 98048  - [39m10/23/2025, 10:22:48 AM [32m    LOG[39m [38;5;3m[BullMQDriver] [39m[32mProcessing job 1 with name CallWebhookJobsJob on queue webhook-queue[39m
[32m[Nest] 98048  - [39m10/23/2025, 10:22:48 AM [32m    LOG[39m [38;5;3m[BullMQDriver] [39m[32mProcessing job 1 with name CreateAuditLogFromInternalEvent on queue entity-events-to-db-queue[39m
[32m[Nest] 98048  - [39m10/23/2025, 10:22:48 AM [32m    LOG[39m [38;5;3m[BullMQDriver] [39m[32mProcessing job 1 with name CallDatabaseEventTriggerJobsJob on queue trigger-queue[39m
[32m[Nest] 98048  - [39m10/23/2025, 10:22:48 AM [32m    LOG[39m [38;5;3m[BullMQDriver] [39m[32mJob 1 with name CreateAuditLogFromInternalEvent processed on queue entity-events-to-db-queue in 1.89ms[39m
[32m[Nest] 98048  - [39m10/23/2025, 10:22:48 AM [32m    LOG[39m [38;5;3m[BullMQDriver] [39m[32mJob 1 with name CallWebhookJobsJob processed on queue webhook-queue in 4.44ms[39m
[32m[Nest] 98048  - [39m10/23/2025, 10:22:48 AM [32m    LOG[39m [38;5;3m[BullMQDriver] [39m[32mProcessing job 2 with name UpsertTimelineActivityFromInternalEvent on queue entity-events-to-db-queue[39m
Computing new Datasource for cacheKey: 20202020-1c25-4d02-bf25-6aeccf7ea419-92 out of 0
[32m[Nest] 98048  - [39m10/23/2025, 10:22:48 AM [32m    LOG[39m [38;5;3m[BullMQDriver] [39m[32mJob 1 with name CallDatabaseEventTriggerJobsJob processed on queue trigger-queue in 10.81ms[39m
[32m[Nest] 98048  - [39m10/23/2025, 10:22:48 AM [32m    LOG[39m [38;5;3m[PgPoolSharedService] [39m[32mCreated new shared pg Pool for key "localhost|5432|postgres||no-ssl" with 10 max connections and 600000 ms idle timeout. Total pools: 1[39m
[32m[Nest] 98048  - [39m10/23/2025, 10:22:48 AM [32m    LOG[39m [38;5;3m[BullMQDriver] [39m[32mJob 2 with name UpsertTimelineActivityFromInternalEvent processed on queue entity-events-to-db-queue in 36.97ms[39m
[32m[Nest] 98048  - [39m10/23/2025, 10:23:00 AM [32m    LOG[39m [38;5;3m[BullMQDriver] [39m[32mProcessing job repeat:MessagingMessagesImportCronJob:1761186180000 with name MessagingMessagesImportCronJob on queue cron-queue[39m
[32m[Nest] 98048  - [39m10/23/2025, 10:23:00 AM [32m    LOG[39m [38;5;3m[BullMQDriver] [39m[32mJob repeat:MessagingMessagesImportCronJob:1761186180000 with name MessagingMessagesImportCronJob processed on queue cron-queue in 6.51ms[39m
[32m[Nest] 98048  - [39m10/23/2025, 10:23:00 AM [32m    LOG[39m [38;5;3m[BullMQDriver] [39m[32mProcessing job repeat:CalendarEventsImportCronJob:1761186180000 with name CalendarEventsImportCronJob on queue cron-queue[39m
[32m[Nest] 98048  - [39m10/23/2025, 10:23:00 AM [32m    LOG[39m [38;5;3m[BullMQDriver] [39m[32mJob repeat:CalendarEventsImportCronJob:1761186180000 with name CalendarEventsImportCronJob processed on queue cron-queue in 3.29ms[39m
[32m[Nest] 98048  - [39m10/23/2025, 10:23:00 AM [32m    LOG[39m [38;5;3m[BullMQDriver] [39m[32mProcessing job repeat:WorkflowCronTriggerCronJob:1761186180000 with name WorkflowCronTriggerCronJob on queue cron-queue[39m
[32m[Nest] 98048  - [39m10/23/2025, 10:23:00 AM [32m    LOG[39m [38;5;3m[BullMQDriver] [39m[32mJob repeat:WorkflowCronTriggerCronJob:1761186180000 with name WorkflowCronTriggerCronJob processed on queue cron-queue in 7.01ms[39m
[32m[Nest] 98048  - [39m10/23/2025, 10:23:00 AM [32m    LOG[39m [38;5;3m[BullMQDriver] [39m[32mProcessing job repeat:CronTriggerCronJob:1761186180000 with name CronTriggerCronJob on queue cron-queue[39m
[32m[Nest] 98048  - [39m10/23/2025, 10:23:00 AM [32m    LOG[39m [38;5;3m[BullMQDriver] [39m[32mJob repeat:CronTriggerCronJob:1761186180000 with name CronTriggerCronJob processed on queue cron-queue in 5.09ms[39m
[32m[Nest] 98048  - [39m10/23/2025, 10:24:00 AM [32m    LOG[39m [38;5;3m[BullMQDriver] [39m[32mProcessing job repeat:MessagingMessagesImportCronJob:1761186240000 with name MessagingMessagesImportCronJob on queue cron-queue[39m
[32m[Nest] 98048  - [39m10/23/2025, 10:24:00 AM [32m    LOG[39m [38;5;3m[BullMQDriver] [39m[32mJob repeat:MessagingMessagesImportCronJob:1761186240000 with name MessagingMessagesImportCronJob processed on queue cron-queue in 4.85ms[39m
[32m[Nest] 98048  - [39m10/23/2025, 10:24:00 AM [32m    LOG[39m [38;5;3m[BullMQDriver] [39m[32mProcessing job repeat:CalendarEventsImportCronJob:1761186240000 with name CalendarEventsImportCronJob on queue cron-queue[39m
[32m[Nest] 98048  - [39m10/23/2025, 10:24:00 AM [32m    LOG[39m [38;5;3m[BullMQDriver] [39m[32mJob repeat:CalendarEventsImportCronJob:1761186240000 with name CalendarEventsImportCronJob processed on queue cron-queue in 2.64ms[39m
[32m[Nest] 98048  - [39m10/23/2025, 10:24:00 AM [32m    LOG[39m [38;5;3m[BullMQDriver] [39m[32mProcessing job repeat:WorkflowCronTriggerCronJob:1761186240000 with name WorkflowCronTriggerCronJob on queue cron-queue[39m
[32m[Nest] 98048  - [39m10/23/2025, 10:24:00 AM [32m    LOG[39m [38;5;3m[BullMQDriver] [39m[32mJob repeat:WorkflowCronTriggerCronJob:1761186240000 with name WorkflowCronTriggerCronJob processed on queue cron-queue in 6.23ms[39m
[32m[Nest] 98048  - [39m10/23/2025, 10:24:00 AM [32m    LOG[39m [38;5;3m[BullMQDriver] [39m[32mProcessing job repeat:CronTriggerCronJob:1761186240000 with name CronTriggerCronJob on queue cron-queue[39m
[32m[Nest] 98048  - [39m10/23/2025, 10:24:00 AM [32m    LOG[39m [38;5;3m[BullMQDriver] [39m[32mJob repeat:CronTriggerCronJob:1761186240000 with name CronTriggerCronJob processed on queue cron-queue in 3.92ms[39m
[32m[Nest] 98048  - [39m10/23/2025, 10:25:00 AM [32m    LOG[39m [38;5;3m[BullMQDriver] [39m[32mProcessing job repeat:CalendarEventListFetchCronJob:1761186300000 with name CalendarEventListFetchCronJob on queue cron-queue[39m
[32m[Nest] 98048  - [39m10/23/2025, 10:25:00 AM [32m    LOG[39m [38;5;3m[BullMQDriver] [39m[32mJob repeat:CalendarEventListFetchCronJob:1761186300000 with name CalendarEventListFetchCronJob processed on queue cron-queue in 6.97ms[39m
[32m[Nest] 98048  - [39m10/23/2025, 10:25:00 AM [32m    LOG[39m [38;5;3m[BullMQDriver] [39m[32mProcessing job repeat:WorkflowRunEnqueueJob:1761186300000 with name WorkflowRunEnqueueJob on queue cron-queue[39m
[32m[Nest] 98048  - [39m10/23/2025, 10:25:00 AM [32m    LOG[39m [38;5;3m[BullMQDriver] [39m[32mJob repeat:WorkflowRunEnqueueJob:1761186300000 with name WorkflowRunEnqueueJob processed on queue cron-queue in 9.18ms[39m
[32m[Nest] 98048  - [39m10/23/2025, 10:25:00 AM [32m    LOG[39m [38;5;3m[BullMQDriver] [39m[32mProcessing job repeat:MessagingMessagesImportCronJob:1761186300000 with name MessagingMessagesImportCronJob on queue cron-queue[39m
[32m[Nest] 98048  - [39m10/23/2025, 10:25:00 AM [32m    LOG[39m [38;5;3m[BullMQDriver] [39m[32mJob repeat:MessagingMessagesImportCronJob:1761186300000 with name MessagingMessagesImportCronJob processed on queue cron-queue in 4.10ms[39m
[32m[Nest] 98048  - [39m10/23/2025, 10:25:00 AM [32m    LOG[39m [38;5;3m[BullMQDriver] [39m[32mProcessing job repeat:CalendarEventsImportCronJob:1761186300000 with name CalendarEventsImportCronJob on queue cron-queue[39m
[32m[Nest] 98048  - [39m10/23/2025, 10:25:00 AM [32m    LOG[39m [38;5;3m[BullMQDriver] [39m[32mJob repeat:CalendarEventsImportCronJob:1761186300000 with name CalendarEventsImportCronJob processed on queue cron-queue in 1.43ms[39m
[32m[Nest] 98048  - [39m10/23/2025, 10:25:00 AM [32m    LOG[39m [38;5;3m[BullMQDriver] [39m[32mProcessing job repeat:WorkflowCronTriggerCronJob:1761186300000 with name WorkflowCronTriggerCronJob on queue cron-queue[39m
[32m[Nest] 98048  - [39m10/23/2025, 10:25:00 AM [32m    LOG[39m [38;5;3m[BullMQDriver] [39m[32mJob repeat:WorkflowCronTriggerCronJob:1761186300000 with name WorkflowCronTriggerCronJob processed on queue cron-queue in 4.71ms[39m
[32m[Nest] 98048  - [39m10/23/2025, 10:25:00 AM [32m    LOG[39m [38;5;3m[BullMQDriver] [39m[32mProcessing job repeat:CronTriggerCronJob:1761186300000 with name CronTriggerCronJob on queue cron-queue[39m
[32m[Nest] 98048  - [39m10/23/2025, 10:25:00 AM [32m    LOG[39m [38;5;3m[BullMQDriver] [39m[32mJob repeat:CronTriggerCronJob:1761186300000 with name CronTriggerCronJob processed on queue cron-queue in 4.49ms[39m
[32m[Nest] 98048  - [39m10/23/2025, 10:26:00 AM [32m    LOG[39m [38;5;3m[BullMQDriver] [39m[32mProcessing job repeat:MessagingMessagesImportCronJob:1761186360000 with name MessagingMessagesImportCronJob on queue cron-queue[39m
[32m[Nest] 98048  - [39m10/23/2025, 10:26:00 AM [32m    LOG[39m [38;5;3m[BullMQDriver] [39m[32mJob repeat:MessagingMessagesImportCronJob:1761186360000 with name MessagingMessagesImportCronJob processed on queue cron-queue in 5.43ms[39m
[32m[Nest] 98048  - [39m10/23/2025, 10:26:00 AM [32m    LOG[39m [38;5;3m[BullMQDriver] [39m[32mProcessing job repeat:CalendarEventsImportCronJob:1761186360000 with name CalendarEventsImportCronJob on queue cron-queue[39m
[32m[Nest] 98048  - [39m10/23/2025, 10:26:00 AM [32m    LOG[39m [38;5;3m[BullMQDriver] [39m[32mJob repeat:CalendarEventsImportCronJob:1761186360000 with name CalendarEventsImportCronJob processed on queue cron-queue in 2.43ms[39m
[32m[Nest] 98048  - [39m10/23/2025, 10:26:00 AM [32m    LOG[39m [38;5;3m[BullMQDriver] [39m[32mProcessing job repeat:WorkflowCronTriggerCronJob:1761186360000 with name WorkflowCronTriggerCronJob on queue cron-queue[39m
[32m[Nest] 98048  - [39m10/23/2025, 10:26:00 AM [32m    LOG[39m [38;5;3m[BullMQDriver] [39m[32mJob repeat:WorkflowCronTriggerCronJob:1761186360000 with name WorkflowCronTriggerCronJob processed on queue cron-queue in 5.85ms[39m
[32m[Nest] 98048  - [39m10/23/2025, 10:26:00 AM [32m    LOG[39m [38;5;3m[BullMQDriver] [39m[32mProcessing job repeat:CronTriggerCronJob:1761186360000 with name CronTriggerCronJob on queue cron-queue[39m
[32m[Nest] 98048  - [39m10/23/2025, 10:26:00 AM [32m    LOG[39m [38;5;3m[BullMQDriver] [39m[32mJob repeat:CronTriggerCronJob:1761186360000 with name CronTriggerCronJob processed on queue cron-queue in 3.12ms[39m
[32m[Nest] 98048  - [39m10/23/2025, 10:27:00 AM [32m    LOG[39m [38;5;3m[BullMQDriver] [39m[32mProcessing job repeat:MessagingMessageListFetchCronJob:1761186420000 with name MessagingMessageListFetchCronJob on queue cron-queue[39m
[32m[Nest] 98048  - [39m10/23/2025, 10:27:00 AM [32m    LOG[39m [38;5;3m[BullMQDriver] [39m[32mJob repeat:MessagingMessageListFetchCronJob:1761186420000 with name MessagingMessageListFetchCronJob processed on queue cron-queue in 6.12ms[39m
[32m[Nest] 98048  - [39m10/23/2025, 10:27:00 AM [32m    LOG[39m [38;5;3m[BullMQDriver] [39m[32mProcessing job repeat:MessagingMessagesImportCronJob:1761186420000 with name MessagingMessagesImportCronJob on queue cron-queue[39m
[32m[Nest] 98048  - [39m10/23/2025, 10:27:00 AM [32m    LOG[39m [38;5;3m[BullMQDriver] [39m[32mJob repeat:MessagingMessagesImportCronJob:1761186420000 with name MessagingMessagesImportCronJob processed on queue cron-queue in 2.69ms[39m
[32m[Nest] 98048  - [39m10/23/2025, 10:27:00 AM [32m    LOG[39m [38;5;3m[BullMQDriver] [39m[32mProcessing job repeat:CalendarEventsImportCronJob:1761186420000 with name CalendarEventsImportCronJob on queue cron-queue[39m
[32m[Nest] 98048  - [39m10/23/2025, 10:27:00 AM [32m    LOG[39m [38;5;3m[BullMQDriver] [39m[32mJob repeat:CalendarEventsImportCronJob:1761186420000 with name CalendarEventsImportCronJob processed on queue cron-queue in 3.11ms[39m
[32m[Nest] 98048  - [39m10/23/2025, 10:27:00 AM [32m    LOG[39m [38;5;3m[BullMQDriver] [39m[32mProcessing job repeat:WorkflowCronTriggerCronJob:1761186420000 with name WorkflowCronTriggerCronJob on queue cron-queue[39m
[32m[Nest] 98048  - [39m10/23/2025, 10:27:00 AM [32m    LOG[39m [38;5;3m[BullMQDriver] [39m[32mJob repeat:WorkflowCronTriggerCronJob:1761186420000 with name WorkflowCronTriggerCronJob processed on queue cron-queue in 6.88ms[39m
[32m[Nest] 98048  - [39m10/23/2025, 10:27:00 AM [32m    LOG[39m [38;5;3m[BullMQDriver] [39m[32mProcessing job repeat:CronTriggerCronJob:1761186420000 with name CronTriggerCronJob on queue cron-queue[39m
[32m[Nest] 98048  - [39m10/23/2025, 10:27:00 AM [32m    LOG[39m [38;5;3m[BullMQDriver] [39m[32mJob repeat:CronTriggerCronJob:1761186420000 with name CronTriggerCronJob processed on queue cron-queue in 5.16ms[39m
[32m[Nest] 98048  - [39m10/23/2025, 10:28:00 AM [32m    LOG[39m [38;5;3m[BullMQDriver] [39m[32mProcessing job repeat:MessagingMessagesImportCronJob:1761186480000 with name MessagingMessagesImportCronJob on queue cron-queue[39m
[32m[Nest] 98048  - [39m10/23/2025, 10:28:00 AM [32m    LOG[39m [38;5;3m[BullMQDriver] [39m[32mJob repeat:MessagingMessagesImportCronJob:1761186480000 with name MessagingMessagesImportCronJob processed on queue cron-queue in 7.14ms[39m
[32m[Nest] 98048  - [39m10/23/2025, 10:28:00 AM [32m    LOG[39m [38;5;3m[BullMQDriver] [39m[32mProcessing job repeat:CalendarEventsImportCronJob:1761186480000 with name CalendarEventsImportCronJob on queue cron-queue[39m
[32m[Nest] 98048  - [39m10/23/2025, 10:28:00 AM [32m    LOG[39m [38;5;3m[BullMQDriver] [39m[32mJob repeat:CalendarEventsImportCronJob:1761186480000 with name CalendarEventsImportCronJob processed on queue cron-queue in 3.22ms[39m
[32m[Nest] 98048  - [39m10/23/2025, 10:28:00 AM [32m    LOG[39m [38;5;3m[BullMQDriver] [39m[32mProcessing job repeat:WorkflowCronTriggerCronJob:1761186480000 with name WorkflowCronTriggerCronJob on queue cron-queue[39m
[32m[Nest] 98048  - [39m10/23/2025, 10:28:00 AM [32m    LOG[39m [38;5;3m[BullMQDriver] [39m[32mJob repeat:WorkflowCronTriggerCronJob:1761186480000 with name WorkflowCronTriggerCronJob processed on queue cron-queue in 5.02ms[39m
[32m[Nest] 98048  - [39m10/23/2025, 10:28:00 AM [32m    LOG[39m [38;5;3m[BullMQDriver] [39m[32mProcessing job repeat:CronTriggerCronJob:1761186480000 with name CronTriggerCronJob on queue cron-queue[39m
[32m[Nest] 98048  - [39m10/23/2025, 10:28:00 AM [32m    LOG[39m [38;5;3m[BullMQDriver] [39m[32mJob repeat:CronTriggerCronJob:1761186480000 with name CronTriggerCronJob processed on queue cron-queue in 3.86ms[39m
